[0m[[0m[0mdebug[0m] [0m[0m> Exec(run, Some(35b34624-c584-4cc0-9044-24e66dd61759), Some(CommandSource(console0)))[0m
[0m[[0m[0mdebug[0m] [0m[0mEvaluating tasks: Compile / run[0m
[0m[[0m[0mdebug[0m] [0m[0mRunning task... Cancel: Signal, check cycles: false, forcegc: true[0m
[0m[[0m[0minfo[0m] [0m[0mcompiling 3 Scala sources to /Users/hientruong/Documents/myProjects/workspace/trading-algorithms/target/scala-3.1.1/classes ...[0m
[0m[[0m[31merror[0m] [0m[0m[31m-- [E006] Not Found Error: /Users/hientruong/Documents/myProjects/workspace/trading-algorithms/src/main/scala/Stocks.scala:1:7 [0m[0m
[0m[[0m[31merror[0m] [0m[0m[31m1 |[0m[33mimport[0m breeze.*[0m
[0m[[0m[31merror[0m] [0m[0m  |       [31m^^^^^^[0m[0m
[0m[[0m[31merror[0m] [0m[0m  |       Not found: breeze[0m
[0m[[0m[31merror[0m] [0m[0m[31m-- [E008] Not Found Error: /Users/hientruong/Documents/myProjects/workspace/trading-algorithms/src/main/scala/Secret.scala:23:7 [0m[0m
[0m[[0m[31merror[0m] [0m[0m[31m23 |[0m    io.Source.fromURL(url).mkString[0m
[0m[[0m[31merror[0m] [0m[0m   |    [31m^^^^^^^^^[0m[0m
[0m[[0m[31merror[0m] [0m[0m   |    value Source is not a member of org.apache.spark.io[0m
[0m[[0m[31merror[0m] [0m[0m[31m-- [E006] Not Found Error: /Users/hientruong/Documents/myProjects/workspace/trading-algorithms/src/main/scala/Secret.scala:25:13 [0m[0m
[0m[[0m[31merror[0m] [0m[0m[31m25 |[0m  [33mval[0m [36mdata[0m = spark.get()[0m
[0m[[0m[31merror[0m] [0m[0m   |             [31m^^^^^[0m[0m
[0m[[0m[31merror[0m] [0m[0m   |             Not found: spark[0m
[0m[[0m[31merror[0m] [0m[0mthree errors found[0m
[0m[[0m[31merror[0m] [0m[0mthree errors found[0m
[0m[[0m[31merror[0m] [0m[0m(Compile / [31mcompileIncremental[0m) Compilation failed[0m
[0m[[0m[31merror[0m] [0m[0mTotal time: 2 s, completed 17 Nov 2022, 23:07:16[0m
[0m[[0m[0mdebug[0m] [0m[0m> Exec(shell, None, None)[0m
[0m[[0m[0minfo[0m] [0m[0mshutting down sbt server[0m
